TN:
SF:src/aplicacion.ts
FN:20,add
FN:22,(anonymous_2)
FN:28,(anonymous_3)
FN:65,del
FN:70,(anonymous_5)
FN:75,(anonymous_6)
FN:95,mod
FN:100,(anonymous_8)
FN:105,(anonymous_9)
FN:129,list
FN:134,(anonymous_11)
FN:137,(anonymous_12)
FN:147,read
FN:152,(anonymous_14)
FN:157,(anonymous_15)
FN:169,createDir
FN:184,printColor
FN:229,(anonymous_18)
FN:251,(anonymous_19)
FN:283,(anonymous_20)
FN:300,(anonymous_21)
FN:322,(anonymous_22)
FNF:22
FNH:17
FNDA:2,add
FNDA:2,(anonymous_2)
FNDA:1,(anonymous_3)
FNDA:2,del
FNDA:2,(anonymous_5)
FNDA:2,(anonymous_6)
FNDA:2,mod
FNDA:2,(anonymous_8)
FNDA:2,(anonymous_9)
FNDA:1,list
FNDA:1,(anonymous_11)
FNDA:2,(anonymous_12)
FNDA:2,read
FNDA:2,(anonymous_14)
FNDA:4,(anonymous_15)
FNDA:10,createDir
FNDA:9,printColor
FNDA:0,(anonymous_18)
FNDA:0,(anonymous_19)
FNDA:0,(anonymous_20)
FNDA:0,(anonymous_21)
FNDA:0,(anonymous_22)
DA:1,1
DA:2,1
DA:3,1
DA:20,1
DA:21,2
DA:22,2
DA:23,2
DA:25,2
DA:26,2
DA:27,2
DA:28,2
DA:29,2
DA:30,1
DA:32,1
DA:33,1
DA:35,1
DA:36,1
DA:37,1
DA:39,0
DA:43,0
DA:44,0
DA:45,0
DA:46,0
DA:47,0
DA:48,0
DA:50,0
DA:51,0
DA:52,0
DA:54,0
DA:65,1
DA:66,2
DA:67,2
DA:68,0
DA:70,2
DA:71,2
DA:73,2
DA:74,2
DA:75,2
DA:76,2
DA:77,1
DA:79,2
DA:80,2
DA:82,0
DA:95,1
DA:96,2
DA:97,2
DA:98,0
DA:100,2
DA:101,2
DA:103,2
DA:104,2
DA:105,2
DA:106,1
DA:107,1
DA:108,1
DA:109,1
DA:110,1
DA:112,2
DA:113,1
DA:115,2
DA:116,2
DA:117,2
DA:119,0
DA:129,1
DA:130,1
DA:131,1
DA:132,0
DA:134,1
DA:135,1
DA:136,1
DA:137,2
DA:147,1
DA:148,2
DA:149,2
DA:150,0
DA:152,2
DA:153,2
DA:155,2
DA:156,2
DA:157,4
DA:158,2
DA:159,0
DA:169,1
DA:170,10
DA:171,10
DA:172,10
DA:174,0
DA:175,0
DA:176,0
DA:184,1
DA:185,9
DA:187,5
DA:188,5
DA:190,1
DA:191,1
DA:193,1
DA:194,1
DA:196,1
DA:197,1
DA:199,1
DA:200,1
DA:204,1
DA:230,0
DA:231,0
DA:236,1
DA:252,0
DA:253,0
DA:258,1
DA:284,0
DA:285,0
DA:290,1
DA:301,0
DA:302,0
DA:307,1
DA:323,0
DA:324,0
DA:328,1
LF:117
LH:86
BRDA:21,0,0,2
BRDA:21,0,1,0
BRDA:23,1,0,2
BRDA:23,1,1,0
BRDA:23,2,0,2
BRDA:23,2,1,2
BRDA:23,2,2,2
BRDA:23,2,3,2
BRDA:26,3,0,2
BRDA:26,3,1,0
BRDA:28,4,0,1
BRDA:28,4,1,0
BRDA:29,5,0,1
BRDA:29,5,1,1
BRDA:66,6,0,2
BRDA:66,6,1,0
BRDA:67,7,0,0
BRDA:67,7,1,2
BRDA:71,8,0,2
BRDA:71,8,1,0
BRDA:71,9,0,2
BRDA:71,9,1,2
BRDA:75,10,0,1
BRDA:75,10,1,1
BRDA:76,11,0,1
BRDA:76,11,1,1
BRDA:96,12,0,2
BRDA:96,12,1,0
BRDA:97,13,0,0
BRDA:97,13,1,2
BRDA:101,14,0,2
BRDA:101,14,1,0
BRDA:101,15,0,2
BRDA:101,15,1,2
BRDA:101,15,2,2
BRDA:101,15,3,2
BRDA:105,16,0,1
BRDA:105,16,1,1
BRDA:107,17,0,1
BRDA:107,17,1,0
BRDA:107,18,0,1
BRDA:107,18,1,1
BRDA:112,19,0,1
BRDA:112,19,1,1
BRDA:130,20,0,1
BRDA:130,20,1,0
BRDA:131,21,0,0
BRDA:131,21,1,1
BRDA:135,22,0,1
BRDA:135,22,1,0
BRDA:148,23,0,2
BRDA:148,23,1,0
BRDA:149,24,0,0
BRDA:149,24,1,2
BRDA:153,25,0,2
BRDA:153,25,1,0
BRDA:153,26,0,2
BRDA:153,26,1,2
BRDA:157,27,0,2
BRDA:157,27,1,2
BRDA:158,28,0,0
BRDA:158,28,1,2
BRDA:170,29,0,10
BRDA:170,29,1,0
BRDA:185,30,0,5
BRDA:185,30,1,1
BRDA:185,30,2,1
BRDA:185,30,3,1
BRDA:185,30,4,1
BRDA:230,31,0,0
BRDA:230,31,1,0
BRDA:230,32,0,0
BRDA:230,32,1,0
BRDA:230,32,2,0
BRDA:230,32,3,0
BRDA:252,33,0,0
BRDA:252,33,1,0
BRDA:252,34,0,0
BRDA:252,34,1,0
BRDA:284,35,0,0
BRDA:284,35,1,0
BRDA:284,36,0,0
BRDA:284,36,1,0
BRDA:284,36,2,0
BRDA:284,36,3,0
BRDA:301,37,0,0
BRDA:301,37,1,0
BRDA:323,38,0,0
BRDA:323,38,1,0
BRDA:323,39,0,0
BRDA:323,39,1,0
BRF:91
BRH:50
end_of_record
